<?xml version="1.0" encoding="UTF-8"?>
<!-- Generated by org.testng.reporters.JUnitReportReporter -->
<testsuite hostname="Fernandos-MacBook-Pro.local" failures="0" tests="1" name="com.inetbanking.testcases.TC_001_Login" time="2.030" errors="0" timestamp="2021-02-08T21:22:31 CST" skipped="0">
  <testcase classname="com.inetbanking.testcases.TC_001_Login" name="loginTest" time="2.030"/>
  <system-out/>
</testsuite> <!-- com.inetbanking.testcases.TC_001_Login -->
